       1                                         .title m9312l47 - low rom - show modelcode, control registers/controllers, then boot
       2                                
       3                                ;--
       4                                ;-- Copyright (c) 2008-2020 Sytse van Slooten
       5                                ;--
       6                                ;-- Permission is hereby granted to any person obtaining a copy of these VHDL source files and
       7                                ;-- other language source files and associated documentation files ("the materials") to use
       8                                ;-- these materials solely for personal, non-commercial purposes.
       9                                ;-- You are also granted permission to make changes to the materials, on the condition that this
      10                                ;-- copyright notice is retained unchanged.
      11                                ;--
      12                                ;-- The materials are distributed in the hope that they will be useful, but WITHOUT ANY WARRANTY;
      13                                ;-- without even the implied warranty of MERCHANTABILITY or FITNESS FOR A PARTICULAR PURPOSE.
      14                                ;--
      15                                ;
      16                                ; $Revision$
      17                                ;
      18                                ; general purpose register definitions
      19                                ;
      20 000000                         r0       = %0
      21 000001                         r1       = %1
      22 000002                         r2       = %2
      23 000003                         r3       = %3
      24 000004                         r4       = %4
      25 000005                         r5       = %5
      26 000006                         r6       = %6
      27 000007                         r7       = %7
      28 000006                         sp       = %6
      29 000007                         pc       = %7
      30                                
      31                                         .asect
      32 165000                                  .=165000
      33 165000                                  base     =.
      34 165000 000000  000000  000000           .word 0,0,0,0
         165006 000000                  
      35 165010 000137  173004          prtoct:  jmp   @#173004
      36 165014 000137  173010          prtascz: jmp   @#173010
      37 165020                                  .=base+20
      38                                ;
      39                                ; delay a bit, give the terminal (if it's there) some time to boot
      40                                ;
      41 165020 005002                           clr   r2
      42                                10$:
      43 165022 005202                           inc   r2
      44 165024 001376                           bne   10$
      45                                ;
      46                                ; hello world
      47                                ;
      48 165026 012702  165352                   mov   #hello,r2
      49 165032 010701                           mov   pc,r1
      50 165034 000767                           br    prtascz
      51                                ;
      52                                ; decode cpu modelcode, should be in kernel r0 after reset
      53                                ;
      54                                mcode:
      55 165036 012702  000057                   mov   #47.,r2
      56                                10$:
      57 165042 005202                           inc   r2
      58 165044 020027  000012                   cmp   r0,#10.
      59 165050 002403                           blt   20$
      60 165052 162700  000012                   sub   #10.,r0
      61 165056 000771                           br    10$
      62                                20$:
      63 165060 062700  000060                   add   #48.,r0
      64 165064 105737  177564                   tstb  @#177564
      65 165070 100375                           bpl   .-4
      66 165072 110237  177566                   movb  r2,@#177566
      67 165076 105737  177564                   tstb  @#177564
      68 165102 100375                           bpl   .-4
      69 165104 110037  177566                   movb  r0,@#177566
      70                                ;
      71                                ; check for fpu
      72                                ;
      73 165110 012706  001000                   mov   #1000,sp
      74 165114 012737  165140  000010           mov   #60$,@#10
      75 165122 005037  000012                   clr   @#12
      76 165126 170011                           setd
      77 165130 012702  165411                   mov   #fpu,r2
      78 165134 010701                           mov   pc,r1
      79 165136 000726                           br    prtascz
      80                                60$:
      81                                ;
      82                                ;
      83                                ;
      84 165140 012702  165416                   mov   #crlf,r2
      85 165144 010701                           mov   pc,r1
      86 165146 000722                           br    prtascz
      87                                ;
      88                                ; list cr
      89                                ;
      90                                listcr:
      91 165150 005004                           clr   r4
      92 165152 012737  165230  000004           mov   #60$,@#4
      93 165160 005037  000006                   clr   @#6
      94                                10$:
      95 165164 005005                           clr   r5
      96                                20$:
      97 165166 012706  001000                   mov   #1000,sp      ; reset sp
      98                                ;         dec   r4            ; fixme, check if this can be combined on the tst (r4) for all models
      99                                ;         dec   r4
     100 165172 005744                           tst   -(r4)         ; check address
     101 165174 005705                           tst   r5            ; was this the first in a range
     102 165176 001003                           bne   30$           ; branch if no
     103 165200 010400                           mov   r4,r0
     104 165202 010701                           mov   pc,r1
     105 165204 000701                           br    prtoct
     106                                30$:
     107 165206 005205                           inc   r5            ; count valid addresses in seq
     108 165210 012700  165442                   mov   #adrtab,r0    ;
     109                                40$:
     110 165214 022004                           cmp   (r0)+,r4      ; match?
     111 165216 001404                           beq   50$           ; yes
     112 165220 005710                           tst   (r0)          ;
     113 165222 001761                           beq   20$           ; end of table - 0 in 2nd word? then try next
     114 165224 005720                           tst   (r0)+         ; bump
     115 165226 000772                           br    40$           ; try next table entry
     116                                50$:
     117                                60$:
     118 165230 005705                           tst   r5            ; did we find nothing?
     119 165232 001442                           beq   90$           ; no didn't find any responding addr
     120 165234 022705  000001                   cmp   #1,r5         ; did we find just one address?
     121 165240 001415                           beq   80$
     122 165242 011005                           mov   (r0),r5       ; save pointer to title
     123 165244 010400                           mov   r4,r0
     124 165246 005705                           tst   r5            ; break on title?
     125 165250 001002                           bne   64$
     126 165252 005200                           inc   r0
     127 165254 005200                           inc   r0
     128                                64$:
     129 165256 012702  165421                   mov   #sep,r2
     130 165262 010701                           mov   pc,r1
     131 165264 000653                           br    prtascz
     132 165266 010701                           mov   pc,r1
     133 165270 000647                           br    prtoct
     134 165272 000405                           br    82$
     135                                80$:
     136 165274 011005                           mov   (r0),r5
     137 165276 012702  165430                   mov   #ssep,r2
     138 165302 010701                           mov   pc,r1
     139 165304 000643                           br    prtascz
     140                                82$:
     141 165306 005705                           tst   r5
     142 165310 001407                           beq   84$
     143 165312 012702  165425                   mov   #tsep,r2
     144 165316 010701                           mov   pc,r1
     145 165320 000635                           br    prtascz
     146 165322 010502                           mov   r5,r2
     147 165324 010701                           mov   pc,r1
     148 165326 000632                           br    prtascz
     149                                84$:
     150 165330 012702  165416                   mov   #crlf,r2
     151 165334 010701                           mov   pc,r1
     152 165336 000626                           br    prtascz
     153                                90$:
     154 165340 022704  160000                   cmp   #160000,r4
     155 165344 002707                           blt   10$
     156 165346 000137  173000                   jmp   @#173000
     157                                ;
     158                                ; data
     159                                ;
     160                                         .even
     161                                
     162 165352    040     015     012  hello:   .ascii / /<15><12>
     163 165355    110     145     154           .asciz /Hello, world [t47]: cpu 11/<57>
         165360    154     157     054  
         165363    040     167     157  
         165366    162     154     144  
         165371    040     133     164  
         165374    064     067     135  
         165377    072     040     143  
         165402    160     165     040  
         165405    061     061     057  
         165410    000                  
     164 165411    040     146     160  fpu:     .asciz / fpu/
         165414    165     000          
     165 165416    015     012     000  crlf:    .asciz <15><12>
     166 165421    040     055     040  sep:     .asciz / - /
         165424    000                  
     167 165425    040     040     000  tsep:    .asciz /  /
     168 165430    040     040     040  ssep:    .asciz /         /
         165433    040     040     040  
         165436    040     040     040  
         165441    000                  
     169                                
     170                                          .even
     171 165442 177776  165666          adrtab:   .word 177776,tpsw
     172 165446 177774  165672                    .word 177774,tslr
     173 165452 177772  165676                    .word 177772,tpirq
     174 165456 177770  165702                    .word 177770,tmbr
     175 165462 177766  165706                    .word 177766,tcer
     176 165466 177764  165712                    .word 177764,tsys
     177 165472 177760  165715                    .word 177760,tsiz
     178 165476 177752  165764                    .word 177752,tmem
     179 165502 177750  165760                    .word 177750,tbr
     180 165506 177740  165764                    .word 177740,tmem
     181 165512 177734  173667                    .word 177734,173667    ; lma
     182 165516 177600  165767                    .word 177600,tpdr
     183 165522 177572  165722                    .word 177572,tmmu
     184 165526 177570  165745                    .word 177570,tsdr
     185 165532 177560  165742                    .word 177560,tkl       ; kl0
     186 165536 177546  165737                    .word 177546,tkw
     187 165542 177400  165731                    .word 177400,trk
     188 165546 176700  165734                    .word 176700,trh
     189 165552 176520  165742                    .word 176520,tkl       ; kl3
     190 165556 176510  165742                    .word 176510,tkl       ; kl2
     191 165562 176500  165742                    .word 176500,tkl       ; kl1
     192 165566 174510  165755                    .word 174510,txu
     193 165572 174400  165726                    .word 174400,trl
     194 165576 173000  173654                    .word 173000,173654    ; m9312
     195 165602 172300  165767                    .word 172300,tpdr
     196 165606 172200  165767                    .word 172200,tpdr
     197 165612 172516  165722                    .word 172516,tmmu
     198 165616 171260  173646                    .word 171260,173646    ; mincdo
     199 165622 171160  173640                    .word 171160,173640    ; mincdi
     200 165626 171060  173632                    .word 171060,173632    ; mincaa
     201 165632 171024  173624                    .word 171024,173624    ; minckw 1
     202 165636 171020  173624                    .word 171020,173624    ; minckw 0
     203 165642 171000  173616                    .word 171000,173616    ; mincad
     204 165646 170200  165751                    .word 170200,tubm
     205 165652 167770  173662                    .word 167770,173662    ; dr11
     206 165656 165000  173654                    .word 165000,173654    ; m9312
     207 165662 000000  000000                    .word 0,0
     208                                ;
     209 165666    160     163     167  tpsw:    .asciz /psw/
         165671    000                  
     210 165672    163     154     162  tslr:    .asciz /slr/
         165675    000                  
     211 165676    160     151     162  tpirq:   .asciz /pir/
         165701    000                  
     212 165702    155     142     162  tmbr:    .asciz /mbr/
         165705    000                  
     213 165706    143     145     162  tcer:    .asciz /cer/
         165711    000                  
     214 165712    151     144     000  tsys:    .asciz /id/
     215 165715    163     151     172  tsiz:    .asciz /size/
         165720    145     000          
     216 165722    155     155     165  tmmu:    .asciz /mmu/
         165725    000                  
     217 165726    162     154     000  trl:     .asciz /rl/
     218 165731    162     153     000  trk:     .asciz /rk/
     219 165734    162     150     000  trh:     .asciz /rh/
     220 165737    153     167     000  tkw:     .asciz /kw/
     221 165742    153     154     000  tkl:     .asciz /kl/
     222 165745    163     144     162  tsdr:    .asciz /sdr/
         165750    000                  
     223 165751    165     142     155  tubm:    .asciz /ubm/
         165754    000                  
     224 165755    170     165     000  txu:     .asciz /xu/
     225 165760    155     156     164  tbr:     .asciz /mnt/
         165763    000                  
     226 165764    155     162     000  tmem:    .asciz /mr/
     227 165767    160     144     162  tpdr:    .ascii /pdr/
     228 165772    057                           .ascii <57>
     229 165773    160     141     162           .asciz /par/
         165776    000                  
     229                                
